#0 building with "desktop-linux" instance using docker driver

#1 [internal] load build definition from Dockerfile
#1 transferring dockerfile: 458B 0.0s done
#1 DONE 0.0s

#2 [internal] load metadata for docker.io/library/node:22-alpine
#2 DONE 0.7s

#3 [internal] load .dockerignore
#3 transferring context: 117B done
#3 DONE 0.0s

#4 [builder 1/6] FROM docker.io/library/node:22-alpine@sha256:968df39aedcea65eeb078fb336ed7191baf48f972b4479711397108be0966920
#4 resolve docker.io/library/node:22-alpine@sha256:968df39aedcea65eeb078fb336ed7191baf48f972b4479711397108be0966920 0.0s done
#4 DONE 0.0s

#5 [internal] load build context
#5 transferring context: 9.06kB 0.0s done
#5 DONE 0.0s

#6 [builder 2/6] WORKDIR /app
#6 CACHED

#7 [builder 3/6] COPY package.json package-lock.json ./
#7 CACHED

#8 [builder 4/6] RUN npm ci
#8 CACHED

#9 [builder 5/6] COPY . .
#9 DONE 0.2s

#10 [builder 6/6] RUN npm run build
#10 0.619 
#10 0.619 > next@0.1.0 build
#10 0.619 > next build
#10 0.619 
#10 1.393 Attention: Next.js now collects completely anonymous telemetry regarding usage.
#10 1.394 This information is used to shape Next.js' roadmap and prioritize features.
#10 1.394 You can learn more, including how to opt-out if you'd not like to participate in this anonymous program, by visiting the following URL:
#10 1.394 https://nextjs.org/telemetry
#10 1.394 
#10 1.451 ▲ Next.js 16.2.6 (Turbopack)
#10 1.452 
#10 1.571   Creating an optimized production build ...
#10 7.073 
#10 7.075 > Build error occurred
#10 7.084 Error: Turbopack build failed with 1 errors:
#10 7.084 ./lib/github-sync.ts:566:24
#10 7.084 Module not found: Can't resolve 'jszip'
#10 7.084   [90m564 |[0m   onProgress?.({ stage: [32m"collecting"[0m, message: [32m"Creating ZIP..."[0m });
#10 7.084   [90m565 |[0m
#10 7.084 [31m[1m>[0m [90m566 |[0m   [36mconst[0m [33mJSZip[0m = ([36mawait[0m [36mimport[0m([32m"jszip"[0m)).[36mdefault[0m;
#10 7.084   [90m    |[0m                        [31m[1m^^^^^^^^^^^^^^^[0m
#10 7.084   [90m567 |[0m   [36mconst[0m zip = [36mnew[0m [33mJSZip[0m();
#10 7.084   [90m568 |[0m   [36mconst[0m folder = [32m"sync-data"[0m;
#10 7.084   [90m569 |[0m
#10 7.084 
#10 7.084 
#10 7.084 
#10 7.084 Import traces:
#10 7.084   Client Component Browser:
#10 7.084     ./lib/github-sync.ts [Client Component Browser]
#10 7.084     ./app/admin/page.tsx [Client Component Browser]
#10 7.084     ./app/admin/page.tsx [Server Component]
#10 7.084 
#10 7.084   Client Component SSR:
#10 7.084     ./lib/github-sync.ts [Client Component SSR]
#10 7.084     ./app/admin/page.tsx [Client Component SSR]
#10 7.084     ./app/admin/page.tsx [Server Component]
#10 7.084 
#10 7.084 https://nextjs.org/docs/messages/module-not-found
#10 7.084 
#10 7.084 
#10 7.084     at <unknown> (./lib/github-sync.ts:566:24)
#10 7.084     at <unknown> (https://nextjs.org/docs/messages/module-not-found)
#10 ERROR: process "/bin/sh -c npm run build" did not complete successfully: exit code: 1
------
 > [builder 6/6] RUN npm run build:
7.084   Client Component SSR:
7.084     ./lib/github-sync.ts [Client Component SSR]
7.084     ./app/admin/page.tsx [Client Component SSR]
7.084     ./app/admin/page.tsx [Server Component]
7.084 
7.084 https://nextjs.org/docs/messages/module-not-found
7.084 
7.084 
7.084     at <unknown> (./lib/github-sync.ts:566:24)
7.084     at <unknown> (https://nextjs.org/docs/messages/module-not-found)
------
Dockerfile:7
--------------------
   5 |     RUN npm ci
   6 |     COPY . .
   7 | >>> RUN npm run build
   8 |     
   9 |     # Stage 2: Runtime
--------------------
ERROR: failed to build: failed to solve: process "/bin/sh -c npm run build" did not complete successfully: exit code: 1

View build details: docker-desktop://dashboard/build/desktop-linux/desktop-linux/u9rynec1femvk95wjktut6yn4
